2022-12-18 17:12:639 INFO  LoginPage :46 - Getting text from : [[ChromeDriver: chrome on WINDOWS (7ed7079d5d0904cba97371a17350c9a0)] -> xpath: //h1[contains(text(),'Welcome, Please Sign In!')]]
2022-12-18 17:12:982 INFO  LoginPage :52 - Enter email primeeight@gmail.com to email field <br>
2022-12-18 17:12:106 INFO  LoginPage :57 - Enter password abc123 to password field <br>
2022-12-18 17:12:586 INFO  LoginPage :63 - Clicking on Login Button <br>
2022-12-18 17:12:364 INFO  LoginPage :52 - Enter email albert456@gmail.com to email field <br>
2022-12-18 17:12:527 INFO  LoginPage :57 - Enter password arg987 to password field <br>
2022-12-18 17:12:05 INFO  LoginPage :63 - Clicking on Login Button <br>
2022-12-18 17:12:178 INFO  LoginPage :52 - Enter email primeeight@gmail.com to email field <br>
2022-12-18 17:12:317 INFO  LoginPage :57 - Enter password abc123 to password field <br>
2022-12-18 19:12:604 INFO  LoginPage :46 - Getting text from : [[ChromeDriver: chrome on WINDOWS (9f913bb0b054a31679e8cf21c7645d05)] -> xpath: //h1[contains(text(),'Welcome, Please Sign In!')]]
2022-12-18 19:12:944 INFO  LoginPage :52 - Enter email primeeight@gmail.com to email field <br>
2022-12-18 19:12:196 INFO  LoginPage :57 - Enter password abc123 to password field <br>
2022-12-18 19:12:343 INFO  LoginPage :63 - Clicking on Login Button <br>
2022-12-18 19:12:57 INFO  LoginPage :52 - Enter email albert456@gmail.com to email field <br>
2022-12-18 19:12:493 INFO  LoginPage :57 - Enter password arg987 to password field <br>
2022-12-18 19:12:171 INFO  LoginPage :63 - Clicking on Login Button <br>
2022-12-18 19:12:911 INFO  LoginPage :52 - Enter email primeeight@gmail.com to email field <br>
2022-12-18 19:12:87 INFO  LoginPage :57 - Enter password abc123 to password field <br>
2022-12-18 20:12:272 INFO  LoginPage :46 - Getting text from : [[ChromeDriver: chrome on WINDOWS (37fc5fe0eaba71168401e5f2bc481e8b)] -> xpath: //h1[contains(text(),'Welcome, Please Sign In!')]]
2022-12-18 20:12:123 INFO  LoginPage :46 - Getting text from : [[ChromeDriver: chrome on WINDOWS (e45b09c035456680751446967ef039ee)] -> xpath: //h1[contains(text(),'Welcome, Please Sign In!')]]
2022-12-18 20:12:691 INFO  LoginPage :46 - Getting text from : [[ChromeDriver: chrome on WINDOWS (08ad9a0bf3d1d4b1d774a90802c250bc)] -> xpath: //h1[contains(text(),'Welcome, Please Sign In!')]]
2022-12-18 20:12:724 INFO  LoginPage :52 - Enter email primeeight@gmail.com to email field <br>
2022-12-18 20:12:921 INFO  LoginPage :57 - Enter password abc123 to password field <br>
2022-12-18 20:12:493 INFO  LoginPage :63 - Clicking on Login Button <br>
2022-12-18 20:12:870 INFO  LoginPage :52 - Enter email albert456@gmail.com to email field <br>
2022-12-18 20:12:19 INFO  LoginPage :57 - Enter password arg987 to password field <br>
2022-12-18 20:12:528 INFO  LoginPage :63 - Clicking on Login Button <br>
2022-12-18 20:12:353 INFO  LoginPage :52 - Enter email primeeight@gmail.com to email field <br>
2022-12-18 20:12:503 INFO  LoginPage :57 - Enter password abc123 to password field <br>
2022-12-18 20:12:533 INFO  LoginPage :46 - Getting text from : [[ChromeDriver: chrome on WINDOWS (54dc80ca40bf6f5f4362b4b935f17820)] -> xpath: //h1[contains(text(),'Welcome, Please Sign In!')]]
2022-12-18 20:12:864 INFO  LoginPage :52 - Enter email primeeight@gmail.com to email field <br>
2022-12-18 20:12:44 INFO  LoginPage :57 - Enter password abc123 to password field <br>
2022-12-18 20:12:463 INFO  LoginPage :63 - Clicking on Login Button <br>
2022-12-18 20:12:449 INFO  LoginPage :52 - Enter email albert456@gmail.com to email field <br>
2022-12-18 20:12:592 INFO  LoginPage :57 - Enter password arg987 to password field <br>
2022-12-18 20:12:465 INFO  LoginPage :63 - Clicking on Login Button <br>
2022-12-18 20:12:587 INFO  LoginPage :52 - Enter email primeeight@gmail.com to email field <br>
2022-12-18 20:12:760 INFO  LoginPage :57 - Enter password abc123 to password field <br>
2022-12-18 20:12:428 INFO  LoginPage :46 - Getting text from : [[ChromeDriver: chrome on WINDOWS (314bc3fd9af9ad50ae146509424dd57c)] -> xpath: //h1[contains(text(),'Welcome, Please Sign In!')]]
2022-12-18 20:12:179 INFO  LoginPage :52 - Enter email primeeight@gmail.com to email field <br>
2022-12-18 20:12:331 INFO  LoginPage :57 - Enter password abc123 to password field <br>
2022-12-18 20:12:745 INFO  LoginPage :63 - Clicking on Login Button <br>
2022-12-18 20:12:788 INFO  LoginPage :52 - Enter email albert456@gmail.com to email field <br>
2022-12-18 20:12:941 INFO  LoginPage :57 - Enter password arg987 to password field <br>
2022-12-18 20:12:426 INFO  LoginPage :63 - Clicking on Login Button <br>
2022-12-18 20:12:500 INFO  LoginPage :69 - Getting error message : Login was unsuccessful. Please correct the errors and try again.
No customer account found<br>
2022-12-18 20:12:265 INFO  LoginPage :52 - Enter email primeeight@gmail.com to email field <br>
2022-12-18 20:12:430 INFO  LoginPage :57 - Enter password abc123 to password field <br>
2022-12-18 20:12:903 INFO  LoginPage :63 - Clicking on Login Button <br>
2022-12-19 19:12:409 INFO  LoginPage :46 - Getting text from : [[ChromeDriver: chrome on WINDOWS (cc3c04c7faca2b1daf3c8e1998c301ed)] -> xpath: //h1[contains(text(),'Welcome, Please Sign In!')]]
2022-12-19 19:12:527 INFO  LoginPage :52 - Enter email primeeight@gmail.com to email field <br>
2022-12-19 19:12:675 INFO  LoginPage :57 - Enter password abc123 to password field <br>
2022-12-19 19:12:463 INFO  LoginPage :63 - Clicking on Login Button <br>
2022-12-19 19:12:110 INFO  LoginPage :52 - Enter email primeeight@gmail.com to email field <br>
2022-12-19 19:12:281 INFO  LoginPage :57 - Enter password arg987 to password field <br>
2022-12-19 19:12:756 INFO  LoginPage :63 - Clicking on Login Button <br>
2022-12-19 19:12:831 INFO  LoginPage :69 - Getting error message : Login was unsuccessful. Please correct the errors and try again.
No customer account found<br>
2022-12-19 19:12:423 INFO  LoginPage :52 - Enter email primeeight@gmail.com to email field <br>
2022-12-19 19:12:563 INFO  LoginPage :57 - Enter password abc123 to password field <br>
2022-12-19 19:12:04 INFO  LoginPage :63 - Clicking on Login Button <br>
2022-12-19 19:12:629 INFO  LoginPage :46 - Getting text from : [[ChromeDriver: chrome on WINDOWS (a3437db3ded9a3b174b3b623e433e64a)] -> xpath: //h1[contains(text(),'Welcome, Please Sign In!')]]
2022-12-19 19:12:320 INFO  LoginPage :52 - Enter email primeeight@gmail.com to email field <br>
2022-12-19 19:12:445 INFO  LoginPage :57 - Enter password abc123 to password field <br>
2022-12-19 19:12:855 INFO  LoginPage :63 - Clicking on Login Button <br>
2022-12-19 19:12:349 INFO  LoginPage :52 - Enter email primeeight@gmail.com to email field <br>
2022-12-19 19:12:499 INFO  LoginPage :57 - Enter password arg987 to password field <br>
2022-12-19 19:12:948 INFO  LoginPage :63 - Clicking on Login Button <br>
2022-12-19 19:12:16 INFO  LoginPage :69 - Getting error message : Login was unsuccessful. Please correct the errors and try again.
No customer account found<br>
2022-12-19 19:12:501 INFO  LoginPage :52 - Enter email primeeight@gmail.com to email field <br>
2022-12-19 19:12:687 INFO  LoginPage :57 - Enter password arg987 to password field <br>
2022-12-19 19:12:533 INFO  LoginPage :63 - Clicking on Login Button <br>
2022-12-19 19:12:623 INFO  LoginPage :69 - Getting error message : Login was unsuccessful. Please correct the errors and try again.
No customer account found<br>
2022-12-19 19:12:138 INFO  LoginPage :52 - Enter email primeeight@gmail.com to email field <br>
2022-12-19 19:12:317 INFO  LoginPage :57 - Enter password arg987 to password field <br>
2022-12-19 19:12:194 INFO  LoginPage :63 - Clicking on Login Button <br>
2022-12-19 19:12:284 INFO  LoginPage :69 - Getting error message : Login was unsuccessful. Please correct the errors and try again.
No customer account found<br>
2022-12-19 19:12:190 INFO  LoginPage :52 - Enter email primeeight@gmail.com to email field <br>
2022-12-19 19:12:360 INFO  LoginPage :57 - Enter password arg987 to password field <br>
2022-12-19 19:12:832 INFO  LoginPage :63 - Clicking on Login Button <br>
2022-12-19 19:12:934 INFO  LoginPage :69 - Getting error message : Login was unsuccessful. Please correct the errors and try again.
No customer account found<br>
2022-12-19 19:12:659 INFO  LoginPage :52 - Enter email primeeight@gmail.com to email field <br>
2022-12-19 19:12:894 INFO  LoginPage :57 - Enter password arg987 to password field <br>
2022-12-19 19:12:772 INFO  LoginPage :63 - Clicking on Login Button <br>
2022-12-19 19:12:869 INFO  LoginPage :69 - Getting error message : Login was unsuccessful. Please correct the errors and try again.
No customer account found<br>
2022-12-19 19:12:808 INFO  LoginPage :52 - Enter email primeeight@gmail.com to email field <br>
2022-12-19 19:12:994 INFO  LoginPage :57 - Enter password abc123 to password field <br>
2022-12-19 19:12:431 INFO  LoginPage :63 - Clicking on Login Button <br>
2022-12-19 19:12:989 INFO  LoginPage :52 - Enter email primeeight@gmail.com to email field <br>
2022-12-19 19:12:166 INFO  LoginPage :57 - Enter password abc123 to password field <br>
2022-12-19 19:12:685 INFO  LoginPage :63 - Clicking on Login Button <br>
2022-12-19 19:12:143 INFO  LoginPage :52 - Enter email primeeight@gmail.com to email field <br>
2022-12-19 19:12:351 INFO  LoginPage :57 - Enter password arg987 to password field <br>
2022-12-19 19:12:805 INFO  LoginPage :63 - Clicking on Login Button <br>
2022-12-19 19:12:880 INFO  LoginPage :69 - Getting error message : Login was unsuccessful. Please correct the errors and try again.
No customer account found<br>
2022-12-19 19:12:128 INFO  LoginPage :52 - Enter email primeeight@gmail.com to email field <br>
2022-12-19 19:12:297 INFO  LoginPage :57 - Enter password arg987 to password field <br>
2022-12-19 19:12:730 INFO  LoginPage :63 - Clicking on Login Button <br>
2022-12-19 19:12:805 INFO  LoginPage :69 - Getting error message : Login was unsuccessful. Please correct the errors and try again.
No customer account found<br>
2022-12-19 19:12:989 INFO  LoginPage :52 - Enter email primeeight@gmail.com to email field <br>
2022-12-19 19:12:160 INFO  LoginPage :57 - Enter password arg987 to password field <br>
2022-12-19 19:12:694 INFO  LoginPage :63 - Clicking on Login Button <br>
2022-12-19 19:12:790 INFO  LoginPage :69 - Getting error message : Login was unsuccessful. Please correct the errors and try again.
No customer account found<br>
2022-12-19 20:12:308 INFO  LoginPage :46 - Getting text from : [[ChromeDriver: chrome on WINDOWS (ceef254007f2ee6024ce9f11a83836f1)] -> xpath: //h1[contains(text(),'Welcome, Please Sign In!')]]
2022-12-19 23:12:391 INFO  LoginPage :61 - Clicking on register link Register<br>
2022-12-19 23:12:410 INFO  LoginPage :83 - Get registerText : Register<br>
2022-12-19 23:12:325 INFO  LoginPage :61 - Clicking on register link Register<br>
2022-12-19 23:12:703 INFO  LoginPage :61 - Clicking on register link Register<br>
2022-12-20 00:12:578 INFO  LoginPage :61 - Clicking on register link Register<br>
